<?xml version="1.0" encoding="UTF-8"?>
<testsuite name="com.springAndAWSprac.springboot.domain.posts.PostsRepositoryTest" tests="2" skipped="0" failures="0" errors="0" timestamp="2022-12-10T05:50:04" hostname="DESKTOP-AJ66391" time="0.429">
  <properties/>
  <testcase name="getSavedContent" classname="com.springAndAWSprac.springboot.domain.posts.PostsRepositoryTest" time="0.411"/>
  <testcase name="registerBaseTimeEntity" classname="com.springAndAWSprac.springboot.domain.posts.PostsRepositoryTest" time="0.017"/>
  <system-out><![CDATA[14:49:55.469 [Test worker] DEBUG org.springframework.test.context.junit4.SpringJUnit4ClassRunner - SpringJUnit4ClassRunner constructor called with [class com.springAndAWSprac.springboot.domain.posts.PostsRepositoryTest]
14:49:55.476 [Test worker] DEBUG org.springframework.test.context.BootstrapUtils - Instantiating CacheAwareContextLoaderDelegate from class [org.springframework.test.context.cache.DefaultCacheAwareContextLoaderDelegate]
14:49:55.489 [Test worker] DEBUG org.springframework.test.context.BootstrapUtils - Instantiating BootstrapContext using constructor [public org.springframework.test.context.support.DefaultBootstrapContext(java.lang.Class,org.springframework.test.context.CacheAwareContextLoaderDelegate)]
14:49:55.507 [Test worker] DEBUG org.springframework.test.context.BootstrapUtils - Instantiating TestContextBootstrapper for test class [com.springAndAWSprac.springboot.domain.posts.PostsRepositoryTest] from class [org.springframework.boot.test.context.SpringBootTestContextBootstrapper]
14:49:55.521 [Test worker] INFO org.springframework.boot.test.context.SpringBootTestContextBootstrapper - Neither @ContextConfiguration nor @ContextHierarchy found for test class [com.springAndAWSprac.springboot.domain.posts.PostsRepositoryTest], using SpringBootContextLoader
14:49:55.526 [Test worker] DEBUG org.springframework.test.context.support.AbstractContextLoader - Did not detect default resource location for test class [com.springAndAWSprac.springboot.domain.posts.PostsRepositoryTest]: class path resource [com/springAndAWSprac/springboot/domain/posts/PostsRepositoryTest-context.xml] does not exist
14:49:55.527 [Test worker] DEBUG org.springframework.test.context.support.AbstractContextLoader - Did not detect default resource location for test class [com.springAndAWSprac.springboot.domain.posts.PostsRepositoryTest]: class path resource [com/springAndAWSprac/springboot/domain/posts/PostsRepositoryTestContext.groovy] does not exist
14:49:55.527 [Test worker] INFO org.springframework.test.context.support.AbstractContextLoader - Could not detect default resource locations for test class [com.springAndAWSprac.springboot.domain.posts.PostsRepositoryTest]: no resource found for suffixes {-context.xml, Context.groovy}.
14:49:55.528 [Test worker] INFO org.springframework.test.context.support.AnnotationConfigContextLoaderUtils - Could not detect default configuration classes for test class [com.springAndAWSprac.springboot.domain.posts.PostsRepositoryTest]: PostsRepositoryTest does not declare any static, non-private, non-final, nested classes annotated with @Configuration.
14:49:55.572 [Test worker] DEBUG org.springframework.test.context.support.ActiveProfilesUtils - Could not find an 'annotation declaring class' for annotation type [org.springframework.test.context.ActiveProfiles] and class [com.springAndAWSprac.springboot.domain.posts.PostsRepositoryTest]
14:49:55.654 [Test worker] DEBUG org.springframework.context.annotation.ClassPathScanningCandidateComponentProvider - Identified candidate component class: file [C:\Users\seho2\Desktop\싸피\프로젝트\개인프로젝트\springbootandAWSprac\build\classes\java\main\com\springAndAWSprac\springboot\Application.class]
14:49:55.655 [Test worker] INFO org.springframework.boot.test.context.SpringBootTestContextBootstrapper - Found @SpringBootConfiguration com.springAndAWSprac.springboot.Application for test class com.springAndAWSprac.springboot.domain.posts.PostsRepositoryTest
14:49:55.764 [Test worker] DEBUG org.springframework.boot.test.context.SpringBootTestContextBootstrapper - @TestExecutionListeners is not present for class [com.springAndAWSprac.springboot.domain.posts.PostsRepositoryTest]: using defaults.
14:49:55.765 [Test worker] INFO org.springframework.boot.test.context.SpringBootTestContextBootstrapper - Loaded default TestExecutionListener class names from location [META-INF/spring.factories]: [org.springframework.security.test.context.support.WithSecurityContextTestExecutionListener, org.springframework.security.test.context.support.ReactorContextTestExecutionListener, org.springframework.boot.test.autoconfigure.restdocs.RestDocsTestExecutionListener, org.springframework.boot.test.autoconfigure.web.client.MockRestServiceServerResetTestExecutionListener, org.springframework.boot.test.autoconfigure.web.servlet.MockMvcPrintOnlyOnFailureTestExecutionListener, org.springframework.boot.test.autoconfigure.web.servlet.WebDriverTestExecutionListener, org.springframework.boot.test.mock.mockito.MockitoTestExecutionListener, org.springframework.boot.test.mock.mockito.ResetMocksTestExecutionListener, org.springframework.test.context.web.ServletTestExecutionListener, org.springframework.test.context.support.DirtiesContextBeforeModesTestExecutionListener, org.springframework.test.context.support.DependencyInjectionTestExecutionListener, org.springframework.test.context.support.DirtiesContextTestExecutionListener, org.springframework.test.context.transaction.TransactionalTestExecutionListener, org.springframework.test.context.jdbc.SqlScriptsTestExecutionListener]
14:49:55.799 [Test worker] INFO org.springframework.boot.test.context.SpringBootTestContextBootstrapper - Using TestExecutionListeners: [org.springframework.test.context.web.ServletTestExecutionListener@6f02980f, org.springframework.test.context.support.DirtiesContextBeforeModesTestExecutionListener@1bccfd21, org.springframework.boot.test.mock.mockito.MockitoTestExecutionListener@4edbd09a, org.springframework.boot.test.autoconfigure.SpringBootDependencyInjectionTestExecutionListener@6851b13b, org.springframework.test.context.support.DirtiesContextTestExecutionListener@13688ede, org.springframework.test.context.transaction.TransactionalTestExecutionListener@6f315c67, org.springframework.test.context.jdbc.SqlScriptsTestExecutionListener@7ffe0e1b, org.springframework.security.test.context.support.WithSecurityContextTestExecutionListener@1a43a0b6, org.springframework.security.test.context.support.ReactorContextTestExecutionListener@4d0ad35e, org.springframework.boot.test.autoconfigure.restdocs.RestDocsTestExecutionListener@283d7cfc, org.springframework.boot.test.autoconfigure.web.client.MockRestServiceServerResetTestExecutionListener@27bc2136, org.springframework.boot.test.autoconfigure.web.servlet.MockMvcPrintOnlyOnFailureTestExecutionListener@207d7367, org.springframework.boot.test.autoconfigure.web.servlet.WebDriverTestExecutionListener@3b76d415, org.springframework.boot.test.mock.mockito.ResetMocksTestExecutionListener@786f951b]
14:49:55.802 [Test worker] DEBUG org.springframework.test.annotation.ProfileValueUtils - Retrieved @ProfileValueSourceConfiguration [null] for test class [com.springAndAWSprac.springboot.domain.posts.PostsRepositoryTest]
14:49:55.802 [Test worker] DEBUG org.springframework.test.annotation.ProfileValueUtils - Retrieved ProfileValueSource type [class org.springframework.test.annotation.SystemProfileValueSource] for class [com.springAndAWSprac.springboot.domain.posts.PostsRepositoryTest]
14:49:55.805 [Test worker] DEBUG org.springframework.test.annotation.ProfileValueUtils - Retrieved @ProfileValueSourceConfiguration [null] for test class [com.springAndAWSprac.springboot.domain.posts.PostsRepositoryTest]
14:49:55.805 [Test worker] DEBUG org.springframework.test.annotation.ProfileValueUtils - Retrieved ProfileValueSource type [class org.springframework.test.annotation.SystemProfileValueSource] for class [com.springAndAWSprac.springboot.domain.posts.PostsRepositoryTest]
14:49:55.810 [Test worker] DEBUG org.springframework.test.context.support.AbstractDirtiesContextTestExecutionListener - Before test class: context [DefaultTestContext@1b76fcfa testClass = PostsRepositoryTest, testInstance = [null], testMethod = [null], testException = [null], mergedContextConfiguration = [WebMergedContextConfiguration@725e3dc6 testClass = PostsRepositoryTest, locations = '{}', classes = '{class com.springAndAWSprac.springboot.Application}', contextInitializerClasses = '[]', activeProfiles = '{}', propertySourceLocations = '{}', propertySourceProperties = '{org.springframework.boot.test.context.SpringBootTestContextBootstrapper=true}', contextCustomizers = set[org.springframework.boot.test.autoconfigure.properties.PropertyMappingContextCustomizer@0, org.springframework.boot.test.autoconfigure.web.servlet.WebDriverContextCustomizerFactory$Customizer@76316f4e, org.springframework.boot.test.context.filter.ExcludeFilterContextCustomizer@1eb210de, org.springframework.boot.test.json.DuplicateJsonObjectContextCustomizerFactory$DuplicateJsonObjectContextCustomizer@10debefa, org.springframework.boot.test.mock.mockito.MockitoContextCustomizer@0, org.springframework.boot.test.web.client.TestRestTemplateContextCustomizer@2fcf679d], resourceBasePath = 'src/main/webapp', contextLoader = 'org.springframework.boot.test.context.SpringBootContextLoader', parent = [null]], attributes = map['org.springframework.test.context.web.ServletTestExecutionListener.activateListener' -> true]], class annotated with @DirtiesContext [false] with mode [null].
14:49:55.811 [Test worker] DEBUG org.springframework.test.annotation.ProfileValueUtils - Retrieved @ProfileValueSourceConfiguration [null] for test class [com.springAndAWSprac.springboot.domain.posts.PostsRepositoryTest]
14:49:55.811 [Test worker] DEBUG org.springframework.test.annotation.ProfileValueUtils - Retrieved ProfileValueSource type [class org.springframework.test.annotation.SystemProfileValueSource] for class [com.springAndAWSprac.springboot.domain.posts.PostsRepositoryTest]
14:49:55.836 [Test worker] DEBUG org.springframework.test.context.support.TestPropertySourceUtils - Adding inlined properties to environment: {spring.jmx.enabled=false, org.springframework.boot.test.context.SpringBootTestContextBootstrapper=true, server.port=-1}

  .   ____          _            __ _ _
 /\\ / ___'_ __ _ _(_)_ __  __ _ \ \ \ \
( ( )\___ | '_ | '_| | '_ \/ _` | \ \ \ \
 \\/  ___)| |_)| | | | | || (_| |  ) ) ) )
  '  |____| .__|_| |_|_| |_\__, | / / / /
 =========|_|==============|___/=/_/_/_/
 :: Spring Boot ::        (v2.1.7.RELEASE)

2022-12-10 14:49:56.136  INFO 20528 --- [    Test worker] c.s.s.domain.posts.PostsRepositoryTest   : Starting PostsRepositoryTest on DESKTOP-AJ66391 with PID 20528 (started by seho2 in C:\Users\seho2\Desktop\싸피\프로젝트\개인프로젝트\springbootandAWSprac)
2022-12-10 14:49:56.137  INFO 20528 --- [    Test worker] c.s.s.domain.posts.PostsRepositoryTest   : No active profile set, falling back to default profiles: default
2022-12-10 14:49:57.788  INFO 20528 --- [    Test worker] .s.d.r.c.RepositoryConfigurationDelegate : Bootstrapping Spring Data repositories in DEFAULT mode.
2022-12-10 14:49:57.897  INFO 20528 --- [    Test worker] .s.d.r.c.RepositoryConfigurationDelegate : Finished Spring Data repository scanning in 96ms. Found 2 repository interfaces.
2022-12-10 14:49:58.406  INFO 20528 --- [    Test worker] trationDelegate$BeanPostProcessorChecker : Bean 'org.springframework.transaction.annotation.ProxyTransactionManagementConfiguration' of type [org.springframework.transaction.annotation.ProxyTransactionManagementConfiguration$$EnhancerBySpringCGLIB$$3094d46e] is not eligible for getting processed by all BeanPostProcessors (for example: not eligible for auto-proxying)
2022-12-10 14:49:58.669  INFO 20528 --- [    Test worker] com.zaxxer.hikari.HikariDataSource       : HikariPool-1 - Starting...
2022-12-10 14:49:58.840  INFO 20528 --- [    Test worker] com.zaxxer.hikari.HikariDataSource       : HikariPool-1 - Start completed.
2022-12-10 14:49:59.081  INFO 20528 --- [    Test worker] o.hibernate.jpa.internal.util.LogHelper  : HHH000204: Processing PersistenceUnitInfo [
	name: default
	...]
2022-12-10 14:49:59.411  INFO 20528 --- [    Test worker] org.hibernate.Version                    : HHH000412: Hibernate Core {5.3.10.Final}
2022-12-10 14:49:59.413  INFO 20528 --- [    Test worker] org.hibernate.cfg.Environment            : HHH000206: hibernate.properties not found
2022-12-10 14:50:00.044  INFO 20528 --- [    Test worker] o.hibernate.annotations.common.Version   : HCANN000001: Hibernate Commons Annotations {5.0.4.Final}
2022-12-10 14:50:00.258  INFO 20528 --- [    Test worker] org.hibernate.dialect.Dialect            : HHH000400: Using dialect: org.hibernate.dialect.MySQL5InnoDBDialect
Hibernate: drop table if exists posts
Hibernate: drop table if exists user
Hibernate: create table posts (id bigint not null auto_increment, created_date datetime, modified_date datetime, author varchar(255), content TEXT not null, title varchar(500) not null, primary key (id)) engine=InnoDB
Hibernate: create table user (id bigint not null auto_increment, created_date datetime, modified_date datetime, email varchar(255) not null, name varchar(255) not null, picture varchar(255), role varchar(255) not null, primary key (id)) engine=InnoDB
2022-12-10 14:50:01.091  INFO 20528 --- [    Test worker] o.h.t.schema.internal.SchemaCreatorImpl  : HHH000476: Executing import script 'org.hibernate.tool.schema.internal.exec.ScriptSourceInputNonExistentImpl@3e772fde'
2022-12-10 14:50:01.096  INFO 20528 --- [    Test worker] j.LocalContainerEntityManagerFactoryBean : Initialized JPA EntityManagerFactory for persistence unit 'default'
2022-12-10 14:50:01.858  INFO 20528 --- [    Test worker] o.h.h.i.QueryTranslatorFactoryInitiator  : HHH000397: Using ASTQueryTranslatorFactory
2022-12-10 14:50:02.822  INFO 20528 --- [    Test worker] o.s.s.web.DefaultSecurityFilterChain     : Creating filter chain: any request, [org.springframework.security.web.context.request.async.WebAsyncManagerIntegrationFilter@468cdf59, org.springframework.security.web.context.SecurityContextPersistenceFilter@11219274, org.springframework.security.web.header.HeaderWriterFilter@78745726, org.springframework.security.web.authentication.logout.LogoutFilter@385744, org.springframework.security.oauth2.client.web.OAuth2AuthorizationRequestRedirectFilter@4e0554aa, org.springframework.security.oauth2.client.web.OAuth2LoginAuthenticationFilter@be5ea11, org.springframework.security.web.authentication.ui.DefaultLoginPageGeneratingFilter@5695a42d, org.springframework.security.web.authentication.ui.DefaultLogoutPageGeneratingFilter@7a701e06, org.springframework.security.web.savedrequest.RequestCacheAwareFilter@2f085ffc, org.springframework.security.web.servletapi.SecurityContextHolderAwareRequestFilter@4b1489cd, org.springframework.security.web.authentication.AnonymousAuthenticationFilter@19ea35a5, org.springframework.security.web.session.SessionManagementFilter@5d13de08, org.springframework.security.web.access.ExceptionTranslationFilter@33710edd, org.springframework.security.web.access.intercept.FilterSecurityInterceptor@2a095d94]
2022-12-10 14:50:03.603  INFO 20528 --- [    Test worker] o.s.s.concurrent.ThreadPoolTaskExecutor  : Initializing ExecutorService 'applicationTaskExecutor'
2022-12-10 14:50:03.692  WARN 20528 --- [    Test worker] aWebConfiguration$JpaWebMvcConfiguration : spring.jpa.open-in-view is enabled by default. Therefore, database queries may be performed during view rendering. Explicitly configure spring.jpa.open-in-view to disable this warning
2022-12-10 14:50:03.788  INFO 20528 --- [    Test worker] o.s.b.a.w.s.WelcomePageHandlerMapping    : Adding welcome page template: index
2022-12-10 14:50:04.913  INFO 20528 --- [    Test worker] s.a.ScheduledAnnotationBeanPostProcessor : No TaskScheduler/ScheduledExecutorService bean found for scheduled processing
2022-12-10 14:50:04.928  INFO 20528 --- [    Test worker] c.s.s.domain.posts.PostsRepositoryTest   : Started PostsRepositoryTest in 9.082 seconds (JVM running for 10.423)
Hibernate: insert into posts (created_date, modified_date, author, content, title) values (?, ?, ?, ?, ?)
Hibernate: select posts0_.id as id1_0_, posts0_.created_date as created_2_0_, posts0_.modified_date as modified3_0_, posts0_.author as author4_0_, posts0_.content as content5_0_, posts0_.title as title6_0_ from posts posts0_
Hibernate: select posts0_.id as id1_0_, posts0_.created_date as created_2_0_, posts0_.modified_date as modified3_0_, posts0_.author as author4_0_, posts0_.content as content5_0_, posts0_.title as title6_0_ from posts posts0_
Hibernate: delete from posts where id=?
Hibernate: insert into posts (created_date, modified_date, author, content, title) values (?, ?, ?, ?, ?)
Hibernate: select posts0_.id as id1_0_, posts0_.created_date as created_2_0_, posts0_.modified_date as modified3_0_, posts0_.author as author4_0_, posts0_.content as content5_0_, posts0_.title as title6_0_ from posts posts0_
>>>>>>>>>>>>>>> createData=2022-12-10T14:50:05.377, modifiedData=2022-12-10T14:50:05.377
Hibernate: select posts0_.id as id1_0_, posts0_.created_date as created_2_0_, posts0_.modified_date as modified3_0_, posts0_.author as author4_0_, posts0_.content as content5_0_, posts0_.title as title6_0_ from posts posts0_
Hibernate: delete from posts where id=?
]]></system-out>
  <system-err><![CDATA[]]></system-err>
</testsuite>
