<?xml version="1.0" encoding="UTF-8"?>
<testsuite name="com.springAndAWSprac.springboot.web.PostsApiControllerTest" tests="2" skipped="0" failures="0" errors="0" timestamp="2022-12-08T15:37:54" hostname="DESKTOP-AJ66391" time="0.129">
  <properties/>
  <testcase name="Posts_등록된다" classname="com.springAndAWSprac.springboot.web.PostsApiControllerTest" time="0.094"/>
  <testcase name="Posts_수정된다" classname="com.springAndAWSprac.springboot.web.PostsApiControllerTest" time="0.035"/>
  <system-out><![CDATA[2022-12-09 00:37:54.099  INFO 15504 --- [    Test worker] .b.t.c.SpringBootTestContextBootstrapper : Neither @ContextConfiguration nor @ContextHierarchy found for test class [com.springAndAWSprac.springboot.web.PostsApiControllerTest], using SpringBootContextLoader
2022-12-09 00:37:54.101  INFO 15504 --- [    Test worker] o.s.t.c.support.AbstractContextLoader    : Could not detect default resource locations for test class [com.springAndAWSprac.springboot.web.PostsApiControllerTest]: no resource found for suffixes {-context.xml, Context.groovy}.
2022-12-09 00:37:54.101  INFO 15504 --- [    Test worker] t.c.s.AnnotationConfigContextLoaderUtils : Could not detect default configuration classes for test class [com.springAndAWSprac.springboot.web.PostsApiControllerTest]: PostsApiControllerTest does not declare any static, non-private, non-final, nested classes annotated with @Configuration.
2022-12-09 00:37:54.104  INFO 15504 --- [    Test worker] .b.t.c.SpringBootTestContextBootstrapper : Found @SpringBootConfiguration com.springAndAWSprac.springboot.Application for test class com.springAndAWSprac.springboot.web.PostsApiControllerTest
2022-12-09 00:37:54.107  INFO 15504 --- [    Test worker] .b.t.c.SpringBootTestContextBootstrapper : Loaded default TestExecutionListener class names from location [META-INF/spring.factories]: [org.springframework.security.test.context.support.WithSecurityContextTestExecutionListener, org.springframework.security.test.context.support.ReactorContextTestExecutionListener, org.springframework.boot.test.autoconfigure.restdocs.RestDocsTestExecutionListener, org.springframework.boot.test.autoconfigure.web.client.MockRestServiceServerResetTestExecutionListener, org.springframework.boot.test.autoconfigure.web.servlet.MockMvcPrintOnlyOnFailureTestExecutionListener, org.springframework.boot.test.autoconfigure.web.servlet.WebDriverTestExecutionListener, org.springframework.boot.test.mock.mockito.MockitoTestExecutionListener, org.springframework.boot.test.mock.mockito.ResetMocksTestExecutionListener, org.springframework.test.context.web.ServletTestExecutionListener, org.springframework.test.context.support.DirtiesContextBeforeModesTestExecutionListener, org.springframework.test.context.support.DependencyInjectionTestExecutionListener, org.springframework.test.context.support.DirtiesContextTestExecutionListener, org.springframework.test.context.transaction.TransactionalTestExecutionListener, org.springframework.test.context.jdbc.SqlScriptsTestExecutionListener]
2022-12-09 00:37:54.108  INFO 15504 --- [    Test worker] .b.t.c.SpringBootTestContextBootstrapper : Using TestExecutionListeners: [org.springframework.test.context.web.ServletTestExecutionListener@5ddf6249, org.springframework.test.context.support.DirtiesContextBeforeModesTestExecutionListener@9a5893, org.springframework.boot.test.mock.mockito.MockitoTestExecutionListener@32647401, org.springframework.boot.test.autoconfigure.SpringBootDependencyInjectionTestExecutionListener@ac796c3, org.springframework.test.context.support.DirtiesContextTestExecutionListener@2cac70f8, org.springframework.test.context.transaction.TransactionalTestExecutionListener@7ea0fb3e, org.springframework.test.context.jdbc.SqlScriptsTestExecutionListener@6ff55c97, org.springframework.security.test.context.support.WithSecurityContextTestExecutionListener@59b2ae24, org.springframework.security.test.context.support.ReactorContextTestExecutionListener@16563e5a, org.springframework.boot.test.autoconfigure.restdocs.RestDocsTestExecutionListener@6fd65ea5, org.springframework.boot.test.autoconfigure.web.client.MockRestServiceServerResetTestExecutionListener@2a02a62c, org.springframework.boot.test.autoconfigure.web.servlet.MockMvcPrintOnlyOnFailureTestExecutionListener@660dfec6, org.springframework.boot.test.autoconfigure.web.servlet.WebDriverTestExecutionListener@418eb8b3, org.springframework.boot.test.mock.mockito.ResetMocksTestExecutionListener@1c70e551]
2022-12-09 00:37:54.121  INFO 15504 --- [    Test worker] o.a.c.c.C.[Tomcat].[localhost].[/]       : Initializing Spring TestDispatcherServlet ''
2022-12-09 00:37:54.121  INFO 15504 --- [    Test worker] o.s.t.web.servlet.TestDispatcherServlet  : Initializing Servlet ''
2022-12-09 00:37:54.124  INFO 15504 --- [    Test worker] o.s.t.web.servlet.TestDispatcherServlet  : Completed initialization in 3 ms
Hibernate: insert into posts (created_date, modified_date, author, content, title) values (?, ?, ?, ?, ?)
Hibernate: select posts0_.id as id1_0_, posts0_.created_date as created_2_0_, posts0_.modified_date as modified3_0_, posts0_.author as author4_0_, posts0_.content as content5_0_, posts0_.title as title6_0_ from posts posts0_
Hibernate: select posts0_.id as id1_0_, posts0_.created_date as created_2_0_, posts0_.modified_date as modified3_0_, posts0_.author as author4_0_, posts0_.content as content5_0_, posts0_.title as title6_0_ from posts posts0_
Hibernate: delete from posts where id=?
2022-12-09 00:37:54.212  INFO 15504 --- [    Test worker] o.a.c.c.C.[Tomcat].[localhost].[/]       : Initializing Spring TestDispatcherServlet ''
2022-12-09 00:37:54.212  INFO 15504 --- [    Test worker] o.s.t.web.servlet.TestDispatcherServlet  : Initializing Servlet ''
2022-12-09 00:37:54.214  INFO 15504 --- [    Test worker] o.s.t.web.servlet.TestDispatcherServlet  : Completed initialization in 2 ms
Hibernate: insert into posts (created_date, modified_date, author, content, title) values (?, ?, ?, ?, ?)
Hibernate: select posts0_.id as id1_0_0_, posts0_.created_date as created_2_0_0_, posts0_.modified_date as modified3_0_0_, posts0_.author as author4_0_0_, posts0_.content as content5_0_0_, posts0_.title as title6_0_0_ from posts posts0_ where posts0_.id=?
Hibernate: update posts set created_date=?, modified_date=?, author=?, content=?, title=? where id=?
Hibernate: select posts0_.id as id1_0_, posts0_.created_date as created_2_0_, posts0_.modified_date as modified3_0_, posts0_.author as author4_0_, posts0_.content as content5_0_, posts0_.title as title6_0_ from posts posts0_
Hibernate: select posts0_.id as id1_0_, posts0_.created_date as created_2_0_, posts0_.modified_date as modified3_0_, posts0_.author as author4_0_, posts0_.content as content5_0_, posts0_.title as title6_0_ from posts posts0_
Hibernate: delete from posts where id=?
]]></system-out>
  <system-err><![CDATA[]]></system-err>
</testsuite>
