<?xml version="1.0" encoding="UTF-8"?>
<testsuite name="com.springAndAWSprac.springboot.web.HelloControllerTest" tests="2" skipped="0" failures="0" errors="0" timestamp="2022-12-08T15:37:50" hostname="DESKTOP-AJ66391" time="0.227">
  <properties/>
  <testcase name="helloReturn" classname="com.springAndAWSprac.springboot.web.HelloControllerTest" time="0.105"/>
  <testcase name="helloDtoReturn" classname="com.springAndAWSprac.springboot.web.HelloControllerTest" time="0.121"/>
  <system-out><![CDATA[2022-12-09 00:37:48.971  INFO 15504 --- [    Test worker] .b.t.a.w.s.WebMvcTestContextBootstrapper : Neither @ContextConfiguration nor @ContextHierarchy found for test class [com.springAndAWSprac.springboot.web.HelloControllerTest], using SpringBootContextLoader
2022-12-09 00:37:48.972  INFO 15504 --- [    Test worker] o.s.t.c.support.AbstractContextLoader    : Could not detect default resource locations for test class [com.springAndAWSprac.springboot.web.HelloControllerTest]: no resource found for suffixes {-context.xml, Context.groovy}.
2022-12-09 00:37:48.972  INFO 15504 --- [    Test worker] t.c.s.AnnotationConfigContextLoaderUtils : Could not detect default configuration classes for test class [com.springAndAWSprac.springboot.web.HelloControllerTest]: HelloControllerTest does not declare any static, non-private, non-final, nested classes annotated with @Configuration.
2022-12-09 00:37:49.004  INFO 15504 --- [    Test worker] .b.t.c.SpringBootTestContextBootstrapper : Found @SpringBootConfiguration com.springAndAWSprac.springboot.Application for test class com.springAndAWSprac.springboot.web.HelloControllerTest
2022-12-09 00:37:49.005  INFO 15504 --- [    Test worker] .b.t.a.w.s.WebMvcTestContextBootstrapper : Loaded default TestExecutionListener class names from location [META-INF/spring.factories]: [org.springframework.security.test.context.support.WithSecurityContextTestExecutionListener, org.springframework.security.test.context.support.ReactorContextTestExecutionListener, org.springframework.boot.test.autoconfigure.restdocs.RestDocsTestExecutionListener, org.springframework.boot.test.autoconfigure.web.client.MockRestServiceServerResetTestExecutionListener, org.springframework.boot.test.autoconfigure.web.servlet.MockMvcPrintOnlyOnFailureTestExecutionListener, org.springframework.boot.test.autoconfigure.web.servlet.WebDriverTestExecutionListener, org.springframework.boot.test.mock.mockito.MockitoTestExecutionListener, org.springframework.boot.test.mock.mockito.ResetMocksTestExecutionListener, org.springframework.test.context.web.ServletTestExecutionListener, org.springframework.test.context.support.DirtiesContextBeforeModesTestExecutionListener, org.springframework.test.context.support.DependencyInjectionTestExecutionListener, org.springframework.test.context.support.DirtiesContextTestExecutionListener, org.springframework.test.context.transaction.TransactionalTestExecutionListener, org.springframework.test.context.jdbc.SqlScriptsTestExecutionListener]
2022-12-09 00:37:49.006  INFO 15504 --- [    Test worker] .b.t.a.w.s.WebMvcTestContextBootstrapper : Using TestExecutionListeners: [org.springframework.test.context.web.ServletTestExecutionListener@5c518f6a, org.springframework.test.context.support.DirtiesContextBeforeModesTestExecutionListener@8745397, org.springframework.boot.test.mock.mockito.MockitoTestExecutionListener@229a0472, org.springframework.boot.test.autoconfigure.SpringBootDependencyInjectionTestExecutionListener@7b60fabe, org.springframework.test.context.support.DirtiesContextTestExecutionListener@2b1a0067, org.springframework.test.context.transaction.TransactionalTestExecutionListener@1580678, org.springframework.test.context.jdbc.SqlScriptsTestExecutionListener@73133bb5, org.springframework.security.test.context.support.WithSecurityContextTestExecutionListener@fda8a63, org.springframework.security.test.context.support.ReactorContextTestExecutionListener@7438aac7, org.springframework.boot.test.autoconfigure.restdocs.RestDocsTestExecutionListener@351219fe, org.springframework.boot.test.autoconfigure.web.client.MockRestServiceServerResetTestExecutionListener@5f36527a, org.springframework.boot.test.autoconfigure.web.servlet.MockMvcPrintOnlyOnFailureTestExecutionListener@464426d, org.springframework.boot.test.autoconfigure.web.servlet.WebDriverTestExecutionListener@353baeb4, org.springframework.boot.test.mock.mockito.ResetMocksTestExecutionListener@10c38c04]

  .   ____          _            __ _ _
 /\\ / ___'_ __ _ _(_)_ __  __ _ \ \ \ \
( ( )\___ | '_ | '_| | '_ \/ _` | \ \ \ \
 \\/  ___)| |_)| | | | | || (_| |  ) ) ) )
  '  |____| .__|_| |_|_| |_\__, | / / / /
 =========|_|==============|___/=/_/_/_/
 :: Spring Boot ::        (v2.1.7.RELEASE)

2022-12-09 00:37:49.057  INFO 15504 --- [    Test worker] c.s.springboot.web.HelloControllerTest   : Starting HelloControllerTest on DESKTOP-AJ66391 with PID 15504 (started by seho2 in C:\Users\seho2\Desktop\싸피\프로젝트\개인프로젝트\springbootandAWSprac)
2022-12-09 00:37:49.059  INFO 15504 --- [    Test worker] c.s.springboot.web.HelloControllerTest   : No active profile set, falling back to default profiles: default
2022-12-09 00:37:49.652  INFO 15504 --- [    Test worker] o.s.s.concurrent.ThreadPoolTaskExecutor  : Initializing ExecutorService 'applicationTaskExecutor'
2022-12-09 00:37:49.694  INFO 15504 --- [    Test worker] o.s.b.a.w.s.WelcomePageHandlerMapping    : Adding welcome page template: index
2022-12-09 00:37:50.006  INFO 15504 --- [    Test worker] .s.s.UserDetailsServiceAutoConfiguration : 

Using generated security password: 54721b51-cf0f-466f-b603-4abaa8d9222e

2022-12-09 00:37:50.220  INFO 15504 --- [    Test worker] o.s.s.web.DefaultSecurityFilterChain     : Creating filter chain: any request, [org.springframework.security.web.context.request.async.WebAsyncManagerIntegrationFilter@6cf70467, org.springframework.security.web.context.SecurityContextPersistenceFilter@1a7b55a2, org.springframework.security.web.header.HeaderWriterFilter@7903a58c, org.springframework.security.web.csrf.CsrfFilter@117fbb6e, org.springframework.security.web.authentication.logout.LogoutFilter@43176aad, org.springframework.security.web.authentication.UsernamePasswordAuthenticationFilter@78512e84, org.springframework.security.web.authentication.ui.DefaultLoginPageGeneratingFilter@383485ed, org.springframework.security.web.authentication.ui.DefaultLogoutPageGeneratingFilter@69457116, org.springframework.security.web.authentication.www.BasicAuthenticationFilter@29aead3, org.springframework.security.web.savedrequest.RequestCacheAwareFilter@17570da9, org.springframework.security.web.servletapi.SecurityContextHolderAwareRequestFilter@739ce50a, org.springframework.security.web.authentication.AnonymousAuthenticationFilter@3c5cc29f, org.springframework.security.web.session.SessionManagementFilter@154bd509, org.springframework.security.web.access.ExceptionTranslationFilter@9708a3e, org.springframework.security.web.access.intercept.FilterSecurityInterceptor@233cf0d0]
2022-12-09 00:37:50.275  INFO 15504 --- [    Test worker] o.s.b.t.m.w.SpringBootMockServletContext : Initializing Spring TestDispatcherServlet ''
2022-12-09 00:37:50.275  INFO 15504 --- [    Test worker] o.s.t.web.servlet.TestDispatcherServlet  : Initializing Servlet ''
2022-12-09 00:37:50.299  INFO 15504 --- [    Test worker] o.s.t.web.servlet.TestDispatcherServlet  : Completed initialization in 24 ms
2022-12-09 00:37:50.344  INFO 15504 --- [    Test worker] c.s.springboot.web.HelloControllerTest   : Started HelloControllerTest in 1.335 seconds (JVM running for 16.256)
]]></system-out>
  <system-err><![CDATA[]]></system-err>
</testsuite>
