<?xml version="1.0" encoding="UTF-8"?>
<testsuite name="com.springAndAWSprac.springboot.web.ProfileControllerTest" tests="1" skipped="0" failures="0" errors="0" timestamp="2022-12-10T06:15:38" hostname="DESKTOP-AJ66391" time="0.018">
  <properties/>
  <testcase name="call_profile_without_authorization" classname="com.springAndAWSprac.springboot.web.ProfileControllerTest" time="0.018"/>
  <system-out><![CDATA[2022-12-10 15:15:38.311  INFO 39088 --- [    Test worker] .b.t.c.SpringBootTestContextBootstrapper : Neither @ContextConfiguration nor @ContextHierarchy found for test class [com.springAndAWSprac.springboot.web.ProfileControllerTest], using SpringBootContextLoader
2022-12-10 15:15:38.312  INFO 39088 --- [    Test worker] o.s.t.c.support.AbstractContextLoader    : Could not detect default resource locations for test class [com.springAndAWSprac.springboot.web.ProfileControllerTest]: no resource found for suffixes {-context.xml, Context.groovy}.
2022-12-10 15:15:38.312  INFO 39088 --- [    Test worker] t.c.s.AnnotationConfigContextLoaderUtils : Could not detect default configuration classes for test class [com.springAndAWSprac.springboot.web.ProfileControllerTest]: ProfileControllerTest does not declare any static, non-private, non-final, nested classes annotated with @Configuration.
2022-12-10 15:15:38.314  INFO 39088 --- [    Test worker] .b.t.c.SpringBootTestContextBootstrapper : Found @SpringBootConfiguration com.springAndAWSprac.springboot.Application for test class com.springAndAWSprac.springboot.web.ProfileControllerTest
2022-12-10 15:15:38.315  INFO 39088 --- [    Test worker] .b.t.c.SpringBootTestContextBootstrapper : Loaded default TestExecutionListener class names from location [META-INF/spring.factories]: [org.springframework.security.test.context.support.WithSecurityContextTestExecutionListener, org.springframework.security.test.context.support.ReactorContextTestExecutionListener, org.springframework.boot.test.autoconfigure.restdocs.RestDocsTestExecutionListener, org.springframework.boot.test.autoconfigure.web.client.MockRestServiceServerResetTestExecutionListener, org.springframework.boot.test.autoconfigure.web.servlet.MockMvcPrintOnlyOnFailureTestExecutionListener, org.springframework.boot.test.autoconfigure.web.servlet.WebDriverTestExecutionListener, org.springframework.boot.test.mock.mockito.MockitoTestExecutionListener, org.springframework.boot.test.mock.mockito.ResetMocksTestExecutionListener, org.springframework.test.context.web.ServletTestExecutionListener, org.springframework.test.context.support.DirtiesContextBeforeModesTestExecutionListener, org.springframework.test.context.support.DependencyInjectionTestExecutionListener, org.springframework.test.context.support.DirtiesContextTestExecutionListener, org.springframework.test.context.transaction.TransactionalTestExecutionListener, org.springframework.test.context.jdbc.SqlScriptsTestExecutionListener]
2022-12-10 15:15:38.317  INFO 39088 --- [    Test worker] .b.t.c.SpringBootTestContextBootstrapper : Using TestExecutionListeners: [org.springframework.test.context.web.ServletTestExecutionListener@3faff02e, org.springframework.test.context.support.DirtiesContextBeforeModesTestExecutionListener@1d0d0a74, org.springframework.boot.test.mock.mockito.MockitoTestExecutionListener@4ae8ae93, org.springframework.boot.test.autoconfigure.SpringBootDependencyInjectionTestExecutionListener@2c98d781, org.springframework.test.context.support.DirtiesContextTestExecutionListener@6c767cbc, org.springframework.test.context.transaction.TransactionalTestExecutionListener@195d95ec, org.springframework.test.context.jdbc.SqlScriptsTestExecutionListener@164e2c62, org.springframework.security.test.context.support.WithSecurityContextTestExecutionListener@7c80d5f5, org.springframework.security.test.context.support.ReactorContextTestExecutionListener@234cc545, org.springframework.boot.test.autoconfigure.restdocs.RestDocsTestExecutionListener@56cbd635, org.springframework.boot.test.autoconfigure.web.client.MockRestServiceServerResetTestExecutionListener@3181ddb2, org.springframework.boot.test.autoconfigure.web.servlet.MockMvcPrintOnlyOnFailureTestExecutionListener@4b54990a, org.springframework.boot.test.autoconfigure.web.servlet.WebDriverTestExecutionListener@ef71bc8, org.springframework.boot.test.mock.mockito.ResetMocksTestExecutionListener@6050e5d]
]]></system-out>
  <system-err><![CDATA[]]></system-err>
</testsuite>
