<?xml version="1.0" encoding="UTF-8"?>
<testsuite name="com.springAndAWSprac.springboot.web.HelloControllerTest" tests="2" skipped="0" failures="0" errors="0" timestamp="2022-12-10T06:15:34" hostname="DESKTOP-AJ66391" time="0.213">
  <properties/>
  <testcase name="helloReturn" classname="com.springAndAWSprac.springboot.web.HelloControllerTest" time="0.112"/>
  <testcase name="helloDtoReturn" classname="com.springAndAWSprac.springboot.web.HelloControllerTest" time="0.1"/>
  <system-out><![CDATA[2022-12-10 15:15:33.008  INFO 39088 --- [    Test worker] .b.t.a.w.s.WebMvcTestContextBootstrapper : Neither @ContextConfiguration nor @ContextHierarchy found for test class [com.springAndAWSprac.springboot.web.HelloControllerTest], using SpringBootContextLoader
2022-12-10 15:15:33.009  INFO 39088 --- [    Test worker] o.s.t.c.support.AbstractContextLoader    : Could not detect default resource locations for test class [com.springAndAWSprac.springboot.web.HelloControllerTest]: no resource found for suffixes {-context.xml, Context.groovy}.
2022-12-10 15:15:33.010  INFO 39088 --- [    Test worker] t.c.s.AnnotationConfigContextLoaderUtils : Could not detect default configuration classes for test class [com.springAndAWSprac.springboot.web.HelloControllerTest]: HelloControllerTest does not declare any static, non-private, non-final, nested classes annotated with @Configuration.
2022-12-10 15:15:33.044  INFO 39088 --- [    Test worker] .b.t.c.SpringBootTestContextBootstrapper : Found @SpringBootConfiguration com.springAndAWSprac.springboot.Application for test class com.springAndAWSprac.springboot.web.HelloControllerTest
2022-12-10 15:15:33.045  INFO 39088 --- [    Test worker] .b.t.a.w.s.WebMvcTestContextBootstrapper : Loaded default TestExecutionListener class names from location [META-INF/spring.factories]: [org.springframework.security.test.context.support.WithSecurityContextTestExecutionListener, org.springframework.security.test.context.support.ReactorContextTestExecutionListener, org.springframework.boot.test.autoconfigure.restdocs.RestDocsTestExecutionListener, org.springframework.boot.test.autoconfigure.web.client.MockRestServiceServerResetTestExecutionListener, org.springframework.boot.test.autoconfigure.web.servlet.MockMvcPrintOnlyOnFailureTestExecutionListener, org.springframework.boot.test.autoconfigure.web.servlet.WebDriverTestExecutionListener, org.springframework.boot.test.mock.mockito.MockitoTestExecutionListener, org.springframework.boot.test.mock.mockito.ResetMocksTestExecutionListener, org.springframework.test.context.web.ServletTestExecutionListener, org.springframework.test.context.support.DirtiesContextBeforeModesTestExecutionListener, org.springframework.test.context.support.DependencyInjectionTestExecutionListener, org.springframework.test.context.support.DirtiesContextTestExecutionListener, org.springframework.test.context.transaction.TransactionalTestExecutionListener, org.springframework.test.context.jdbc.SqlScriptsTestExecutionListener]
2022-12-10 15:15:33.049  INFO 39088 --- [    Test worker] .b.t.a.w.s.WebMvcTestContextBootstrapper : Using TestExecutionListeners: [org.springframework.test.context.web.ServletTestExecutionListener@5840c4e6, org.springframework.test.context.support.DirtiesContextBeforeModesTestExecutionListener@224850fb, org.springframework.boot.test.mock.mockito.MockitoTestExecutionListener@36599bdb, org.springframework.boot.test.autoconfigure.SpringBootDependencyInjectionTestExecutionListener@279a3957, org.springframework.test.context.support.DirtiesContextTestExecutionListener@7923beb6, org.springframework.test.context.transaction.TransactionalTestExecutionListener@190cf6e1, org.springframework.test.context.jdbc.SqlScriptsTestExecutionListener@63f12158, org.springframework.security.test.context.support.WithSecurityContextTestExecutionListener@15d7ecf0, org.springframework.security.test.context.support.ReactorContextTestExecutionListener@716526f2, org.springframework.boot.test.autoconfigure.restdocs.RestDocsTestExecutionListener@f207dc1, org.springframework.boot.test.autoconfigure.web.client.MockRestServiceServerResetTestExecutionListener@65b1669c, org.springframework.boot.test.autoconfigure.web.servlet.MockMvcPrintOnlyOnFailureTestExecutionListener@4f2bb6b6, org.springframework.boot.test.autoconfigure.web.servlet.WebDriverTestExecutionListener@17a15b17, org.springframework.boot.test.mock.mockito.ResetMocksTestExecutionListener@1b63f257]

  .   ____          _            __ _ _
 /\\ / ___'_ __ _ _(_)_ __  __ _ \ \ \ \
( ( )\___ | '_ | '_| | '_ \/ _` | \ \ \ \
 \\/  ___)| |_)| | | | | || (_| |  ) ) ) )
  '  |____| .__|_| |_|_| |_\__, | / / / /
 =========|_|==============|___/=/_/_/_/
 :: Spring Boot ::        (v2.1.7.RELEASE)

2022-12-10 15:15:33.097  INFO 39088 --- [    Test worker] c.s.springboot.web.HelloControllerTest   : Starting HelloControllerTest on DESKTOP-AJ66391 with PID 39088 (started by seho2 in C:\Users\seho2\Desktop\싸피\프로젝트\개인프로젝트\springbootandAWSprac)
2022-12-10 15:15:33.100  INFO 39088 --- [    Test worker] c.s.springboot.web.HelloControllerTest   : No active profile set, falling back to default profiles: default
2022-12-10 15:15:33.831  INFO 39088 --- [    Test worker] o.s.s.concurrent.ThreadPoolTaskExecutor  : Initializing ExecutorService 'applicationTaskExecutor'
2022-12-10 15:15:33.890  INFO 39088 --- [    Test worker] o.s.b.a.w.s.WelcomePageHandlerMapping    : Adding welcome page template: index
2022-12-10 15:15:34.371  INFO 39088 --- [    Test worker] .s.s.UserDetailsServiceAutoConfiguration : 

Using generated security password: 12d2c4af-c863-4156-927f-f4d0a0fb4393

2022-12-10 15:15:34.694  INFO 39088 --- [    Test worker] o.s.s.web.DefaultSecurityFilterChain     : Creating filter chain: any request, [org.springframework.security.web.context.request.async.WebAsyncManagerIntegrationFilter@73d99888, org.springframework.security.web.context.SecurityContextPersistenceFilter@62a1eb2a, org.springframework.security.web.header.HeaderWriterFilter@3f27fb24, org.springframework.security.web.csrf.CsrfFilter@d30f02, org.springframework.security.web.authentication.logout.LogoutFilter@6251d86e, org.springframework.security.web.authentication.UsernamePasswordAuthenticationFilter@495140fc, org.springframework.security.web.authentication.ui.DefaultLoginPageGeneratingFilter@51cfde48, org.springframework.security.web.authentication.ui.DefaultLogoutPageGeneratingFilter@634e17e1, org.springframework.security.web.authentication.www.BasicAuthenticationFilter@30cc68cd, org.springframework.security.web.savedrequest.RequestCacheAwareFilter@39c81225, org.springframework.security.web.servletapi.SecurityContextHolderAwareRequestFilter@39b620e3, org.springframework.security.web.authentication.AnonymousAuthenticationFilter@17a2bf39, org.springframework.security.web.session.SessionManagementFilter@7a124075, org.springframework.security.web.access.ExceptionTranslationFilter@2e8eb78c, org.springframework.security.web.access.intercept.FilterSecurityInterceptor@22d4145b]
2022-12-10 15:15:34.753  INFO 39088 --- [    Test worker] o.s.b.t.m.w.SpringBootMockServletContext : Initializing Spring TestDispatcherServlet ''
2022-12-10 15:15:34.753  INFO 39088 --- [    Test worker] o.s.t.web.servlet.TestDispatcherServlet  : Initializing Servlet ''
2022-12-10 15:15:34.774  INFO 39088 --- [    Test worker] o.s.t.web.servlet.TestDispatcherServlet  : Completed initialization in 21 ms
2022-12-10 15:15:34.825  INFO 39088 --- [    Test worker] c.s.springboot.web.HelloControllerTest   : Started HelloControllerTest in 1.771 seconds (JVM running for 15.836)
]]></system-out>
  <system-err><![CDATA[]]></system-err>
</testsuite>
