<?xml version="1.0" encoding="UTF-8"?>
<testsuite name="com.springAndAWSprac.springboot.web.HelloControllerTest" tests="2" skipped="0" failures="0" errors="0" timestamp="2022-12-10T05:50:07" hostname="DESKTOP-AJ66391" time="0.409">
  <properties/>
  <testcase name="helloReturn" classname="com.springAndAWSprac.springboot.web.HelloControllerTest" time="0.305"/>
  <testcase name="helloDtoReturn" classname="com.springAndAWSprac.springboot.web.HelloControllerTest" time="0.104"/>
  <system-out><![CDATA[2022-12-10 14:50:05.416  INFO 20528 --- [    Test worker] .b.t.a.w.s.WebMvcTestContextBootstrapper : Neither @ContextConfiguration nor @ContextHierarchy found for test class [com.springAndAWSprac.springboot.web.HelloControllerTest], using SpringBootContextLoader
2022-12-10 14:50:05.418  INFO 20528 --- [    Test worker] o.s.t.c.support.AbstractContextLoader    : Could not detect default resource locations for test class [com.springAndAWSprac.springboot.web.HelloControllerTest]: no resource found for suffixes {-context.xml, Context.groovy}.
2022-12-10 14:50:05.418  INFO 20528 --- [    Test worker] t.c.s.AnnotationConfigContextLoaderUtils : Could not detect default configuration classes for test class [com.springAndAWSprac.springboot.web.HelloControllerTest]: HelloControllerTest does not declare any static, non-private, non-final, nested classes annotated with @Configuration.
2022-12-10 14:50:05.463  INFO 20528 --- [    Test worker] .b.t.c.SpringBootTestContextBootstrapper : Found @SpringBootConfiguration com.springAndAWSprac.springboot.Application for test class com.springAndAWSprac.springboot.web.HelloControllerTest
2022-12-10 14:50:05.464  INFO 20528 --- [    Test worker] .b.t.a.w.s.WebMvcTestContextBootstrapper : Loaded default TestExecutionListener class names from location [META-INF/spring.factories]: [org.springframework.security.test.context.support.WithSecurityContextTestExecutionListener, org.springframework.security.test.context.support.ReactorContextTestExecutionListener, org.springframework.boot.test.autoconfigure.restdocs.RestDocsTestExecutionListener, org.springframework.boot.test.autoconfigure.web.client.MockRestServiceServerResetTestExecutionListener, org.springframework.boot.test.autoconfigure.web.servlet.MockMvcPrintOnlyOnFailureTestExecutionListener, org.springframework.boot.test.autoconfigure.web.servlet.WebDriverTestExecutionListener, org.springframework.boot.test.mock.mockito.MockitoTestExecutionListener, org.springframework.boot.test.mock.mockito.ResetMocksTestExecutionListener, org.springframework.test.context.web.ServletTestExecutionListener, org.springframework.test.context.support.DirtiesContextBeforeModesTestExecutionListener, org.springframework.test.context.support.DependencyInjectionTestExecutionListener, org.springframework.test.context.support.DirtiesContextTestExecutionListener, org.springframework.test.context.transaction.TransactionalTestExecutionListener, org.springframework.test.context.jdbc.SqlScriptsTestExecutionListener]
2022-12-10 14:50:05.466  INFO 20528 --- [    Test worker] .b.t.a.w.s.WebMvcTestContextBootstrapper : Using TestExecutionListeners: [org.springframework.test.context.web.ServletTestExecutionListener@187185cb, org.springframework.test.context.support.DirtiesContextBeforeModesTestExecutionListener@622a797d, org.springframework.boot.test.mock.mockito.MockitoTestExecutionListener@5c5aa746, org.springframework.boot.test.autoconfigure.SpringBootDependencyInjectionTestExecutionListener@6e2aadb2, org.springframework.test.context.support.DirtiesContextTestExecutionListener@7a612261, org.springframework.test.context.transaction.TransactionalTestExecutionListener@4bb15dc1, org.springframework.test.context.jdbc.SqlScriptsTestExecutionListener@4258a366, org.springframework.security.test.context.support.WithSecurityContextTestExecutionListener@7924c1a2, org.springframework.security.test.context.support.ReactorContextTestExecutionListener@a2586cd, org.springframework.boot.test.autoconfigure.restdocs.RestDocsTestExecutionListener@4bbb9d1d, org.springframework.boot.test.autoconfigure.web.client.MockRestServiceServerResetTestExecutionListener@4cff449f, org.springframework.boot.test.autoconfigure.web.servlet.MockMvcPrintOnlyOnFailureTestExecutionListener@1309b573, org.springframework.boot.test.autoconfigure.web.servlet.WebDriverTestExecutionListener@35bc5a31, org.springframework.boot.test.mock.mockito.ResetMocksTestExecutionListener@22787aee]

  .   ____          _            __ _ _
 /\\ / ___'_ __ _ _(_)_ __  __ _ \ \ \ \
( ( )\___ | '_ | '_| | '_ \/ _` | \ \ \ \
 \\/  ___)| |_)| | | | | || (_| |  ) ) ) )
  '  |____| .__|_| |_|_| |_\__, | / / / /
 =========|_|==============|___/=/_/_/_/
 :: Spring Boot ::        (v2.1.7.RELEASE)

2022-12-10 14:50:05.524  INFO 20528 --- [    Test worker] c.s.springboot.web.HelloControllerTest   : Starting HelloControllerTest on DESKTOP-AJ66391 with PID 20528 (started by seho2 in C:\Users\seho2\Desktop\싸피\프로젝트\개인프로젝트\springbootandAWSprac)
2022-12-10 14:50:05.525  INFO 20528 --- [    Test worker] c.s.springboot.web.HelloControllerTest   : No active profile set, falling back to default profiles: default
2022-12-10 14:50:06.182  INFO 20528 --- [    Test worker] o.s.s.concurrent.ThreadPoolTaskExecutor  : Initializing ExecutorService 'applicationTaskExecutor'
2022-12-10 14:50:06.235  INFO 20528 --- [    Test worker] o.s.b.a.w.s.WelcomePageHandlerMapping    : Adding welcome page template: index
2022-12-10 14:50:06.530  INFO 20528 --- [    Test worker] .s.s.UserDetailsServiceAutoConfiguration : 

Using generated security password: d96f141a-ea73-45dd-9ad4-9578c8c51954

2022-12-10 14:50:06.903  INFO 20528 --- [    Test worker] o.s.s.web.DefaultSecurityFilterChain     : Creating filter chain: any request, [org.springframework.security.web.context.request.async.WebAsyncManagerIntegrationFilter@4cd3c1e1, org.springframework.security.web.context.SecurityContextPersistenceFilter@dd0f49e, org.springframework.security.web.header.HeaderWriterFilter@1c531848, org.springframework.security.web.csrf.CsrfFilter@5b846893, org.springframework.security.web.authentication.logout.LogoutFilter@4bdf43ec, org.springframework.security.web.authentication.UsernamePasswordAuthenticationFilter@612bc131, org.springframework.security.web.authentication.ui.DefaultLoginPageGeneratingFilter@6b846a7b, org.springframework.security.web.authentication.ui.DefaultLogoutPageGeneratingFilter@27d071c7, org.springframework.security.web.authentication.www.BasicAuthenticationFilter@693ad851, org.springframework.security.web.savedrequest.RequestCacheAwareFilter@521a266b, org.springframework.security.web.servletapi.SecurityContextHolderAwareRequestFilter@560fe538, org.springframework.security.web.authentication.AnonymousAuthenticationFilter@1897dd3c, org.springframework.security.web.session.SessionManagementFilter@64eb2ba1, org.springframework.security.web.access.ExceptionTranslationFilter@57e11e99, org.springframework.security.web.access.intercept.FilterSecurityInterceptor@631328c2]
2022-12-10 14:50:06.967  INFO 20528 --- [    Test worker] o.s.b.t.m.w.SpringBootMockServletContext : Initializing Spring TestDispatcherServlet ''
2022-12-10 14:50:06.967  INFO 20528 --- [    Test worker] o.s.t.web.servlet.TestDispatcherServlet  : Initializing Servlet ''
2022-12-10 14:50:06.987  INFO 20528 --- [    Test worker] o.s.t.web.servlet.TestDispatcherServlet  : Completed initialization in 19 ms
2022-12-10 14:50:07.040  INFO 20528 --- [    Test worker] c.s.springboot.web.HelloControllerTest   : Started HelloControllerTest in 1.567 seconds (JVM running for 12.535)
]]></system-out>
  <system-err><![CDATA[]]></system-err>
</testsuite>
