<?xml version="1.0" encoding="UTF-8"?>
<testsuite name="com.springAndAWSprac.springboot.web.IndexControllerTest" tests="1" skipped="0" failures="0" errors="0" timestamp="2022-12-10T06:15:37" hostname="DESKTOP-AJ66391" time="0.235">
  <properties/>
  <testcase name="mainPageLoading" classname="com.springAndAWSprac.springboot.web.IndexControllerTest" time="0.235"/>
  <system-out><![CDATA[2022-12-10 15:15:35.045  INFO 39088 --- [    Test worker] .b.t.c.SpringBootTestContextBootstrapper : Neither @ContextConfiguration nor @ContextHierarchy found for test class [com.springAndAWSprac.springboot.web.IndexControllerTest], using SpringBootContextLoader
2022-12-10 15:15:35.045  INFO 39088 --- [    Test worker] o.s.t.c.support.AbstractContextLoader    : Could not detect default resource locations for test class [com.springAndAWSprac.springboot.web.IndexControllerTest]: no resource found for suffixes {-context.xml, Context.groovy}.
2022-12-10 15:15:35.046  INFO 39088 --- [    Test worker] t.c.s.AnnotationConfigContextLoaderUtils : Could not detect default configuration classes for test class [com.springAndAWSprac.springboot.web.IndexControllerTest]: IndexControllerTest does not declare any static, non-private, non-final, nested classes annotated with @Configuration.
2022-12-10 15:15:35.047  INFO 39088 --- [    Test worker] .b.t.c.SpringBootTestContextBootstrapper : Found @SpringBootConfiguration com.springAndAWSprac.springboot.Application for test class com.springAndAWSprac.springboot.web.IndexControllerTest
2022-12-10 15:15:35.049  INFO 39088 --- [    Test worker] .b.t.c.SpringBootTestContextBootstrapper : Loaded default TestExecutionListener class names from location [META-INF/spring.factories]: [org.springframework.security.test.context.support.WithSecurityContextTestExecutionListener, org.springframework.security.test.context.support.ReactorContextTestExecutionListener, org.springframework.boot.test.autoconfigure.restdocs.RestDocsTestExecutionListener, org.springframework.boot.test.autoconfigure.web.client.MockRestServiceServerResetTestExecutionListener, org.springframework.boot.test.autoconfigure.web.servlet.MockMvcPrintOnlyOnFailureTestExecutionListener, org.springframework.boot.test.autoconfigure.web.servlet.WebDriverTestExecutionListener, org.springframework.boot.test.mock.mockito.MockitoTestExecutionListener, org.springframework.boot.test.mock.mockito.ResetMocksTestExecutionListener, org.springframework.test.context.web.ServletTestExecutionListener, org.springframework.test.context.support.DirtiesContextBeforeModesTestExecutionListener, org.springframework.test.context.support.DependencyInjectionTestExecutionListener, org.springframework.test.context.support.DirtiesContextTestExecutionListener, org.springframework.test.context.transaction.TransactionalTestExecutionListener, org.springframework.test.context.jdbc.SqlScriptsTestExecutionListener]
2022-12-10 15:15:35.051  INFO 39088 --- [    Test worker] .b.t.c.SpringBootTestContextBootstrapper : Using TestExecutionListeners: [org.springframework.test.context.web.ServletTestExecutionListener@2d353383, org.springframework.test.context.support.DirtiesContextBeforeModesTestExecutionListener@10072ff0, org.springframework.boot.test.mock.mockito.MockitoTestExecutionListener@3da9eeef, org.springframework.boot.test.autoconfigure.SpringBootDependencyInjectionTestExecutionListener@7e320231, org.springframework.test.context.support.DirtiesContextTestExecutionListener@7a9f8f5f, org.springframework.test.context.transaction.TransactionalTestExecutionListener@53ce5753, org.springframework.test.context.jdbc.SqlScriptsTestExecutionListener@21e21553, org.springframework.security.test.context.support.WithSecurityContextTestExecutionListener@4f2fa8d4, org.springframework.security.test.context.support.ReactorContextTestExecutionListener@494c3319, org.springframework.boot.test.autoconfigure.restdocs.RestDocsTestExecutionListener@681991ac, org.springframework.boot.test.autoconfigure.web.client.MockRestServiceServerResetTestExecutionListener@59e04971, org.springframework.boot.test.autoconfigure.web.servlet.MockMvcPrintOnlyOnFailureTestExecutionListener@6bbb2391, org.springframework.boot.test.autoconfigure.web.servlet.WebDriverTestExecutionListener@43c70104, org.springframework.boot.test.mock.mockito.ResetMocksTestExecutionListener@67777c21]

  .   ____          _            __ _ _
 /\\ / ___'_ __ _ _(_)_ __  __ _ \ \ \ \
( ( )\___ | '_ | '_| | '_ \/ _` | \ \ \ \
 \\/  ___)| |_)| | | | | || (_| |  ) ) ) )
  '  |____| .__|_| |_|_| |_\__, | / / / /
 =========|_|==============|___/=/_/_/_/
 :: Spring Boot ::        (v2.1.7.RELEASE)

2022-12-10 15:15:35.084  INFO 39088 --- [    Test worker] c.s.springboot.web.IndexControllerTest   : Starting IndexControllerTest on DESKTOP-AJ66391 with PID 39088 (started by seho2 in C:\Users\seho2\Desktop\싸피\프로젝트\개인프로젝트\springbootandAWSprac)
2022-12-10 15:15:35.085  INFO 39088 --- [    Test worker] c.s.springboot.web.IndexControllerTest   : No active profile set, falling back to default profiles: default
2022-12-10 15:15:35.396  INFO 39088 --- [    Test worker] .s.d.r.c.RepositoryConfigurationDelegate : Bootstrapping Spring Data repositories in DEFAULT mode.
2022-12-10 15:15:35.433  INFO 39088 --- [    Test worker] .s.d.r.c.RepositoryConfigurationDelegate : Finished Spring Data repository scanning in 37ms. Found 2 repository interfaces.
2022-12-10 15:15:35.596  INFO 39088 --- [    Test worker] trationDelegate$BeanPostProcessorChecker : Bean 'org.springframework.transaction.annotation.ProxyTransactionManagementConfiguration' of type [org.springframework.transaction.annotation.ProxyTransactionManagementConfiguration$$EnhancerBySpringCGLIB$$97494b1c] is not eligible for getting processed by all BeanPostProcessors (for example: not eligible for auto-proxying)
2022-12-10 15:15:35.967  INFO 39088 --- [    Test worker] o.s.b.w.embedded.tomcat.TomcatWebServer  : Tomcat initialized with port(s): 0 (http)
2022-12-10 15:15:36.008  INFO 39088 --- [    Test worker] o.apache.catalina.core.StandardService   : Starting service [Tomcat]
2022-12-10 15:15:36.008  INFO 39088 --- [    Test worker] org.apache.catalina.core.StandardEngine  : Starting Servlet engine: [Apache Tomcat/9.0.22]
2022-12-10 15:15:36.233  INFO 39088 --- [    Test worker] o.a.c.c.C.[Tomcat].[localhost].[/]       : Initializing Spring embedded WebApplicationContext
2022-12-10 15:15:36.233  INFO 39088 --- [    Test worker] o.s.web.context.ContextLoader            : Root WebApplicationContext: initialization completed in 1145 ms
2022-12-10 15:15:36.470  INFO 39088 --- [    Test worker] com.zaxxer.hikari.HikariDataSource       : HikariPool-2 - Starting...
2022-12-10 15:15:36.471  INFO 39088 --- [    Test worker] com.zaxxer.hikari.HikariDataSource       : HikariPool-2 - Start completed.
2022-12-10 15:15:36.524  INFO 39088 --- [    Test worker] o.hibernate.jpa.internal.util.LogHelper  : HHH000204: Processing PersistenceUnitInfo [
	name: default
	...]
2022-12-10 15:15:36.538  INFO 39088 --- [    Test worker] org.hibernate.dialect.Dialect            : HHH000400: Using dialect: org.hibernate.dialect.MySQL5InnoDBDialect
Hibernate: drop table if exists posts
Hibernate: drop table if exists user
Hibernate: create table posts (id bigint not null auto_increment, created_date datetime, modified_date datetime, author varchar(255), content TEXT not null, title varchar(500) not null, primary key (id)) engine=InnoDB
Hibernate: create table user (id bigint not null auto_increment, created_date datetime, modified_date datetime, email varchar(255) not null, name varchar(255) not null, picture varchar(255), role varchar(255) not null, primary key (id)) engine=InnoDB
2022-12-10 15:15:36.619  INFO 39088 --- [    Test worker] o.h.t.schema.internal.SchemaCreatorImpl  : HHH000476: Executing import script 'org.hibernate.tool.schema.internal.exec.ScriptSourceInputNonExistentImpl@48dc6b2c'
2022-12-10 15:15:36.620  INFO 39088 --- [    Test worker] j.LocalContainerEntityManagerFactoryBean : Initialized JPA EntityManagerFactory for persistence unit 'default'
2022-12-10 15:15:37.077  INFO 39088 --- [    Test worker] o.h.h.i.QueryTranslatorFactoryInitiator  : HHH000397: Using ASTQueryTranslatorFactory
2022-12-10 15:15:37.271  INFO 39088 --- [    Test worker] o.s.s.web.DefaultSecurityFilterChain     : Creating filter chain: any request, [org.springframework.security.web.context.request.async.WebAsyncManagerIntegrationFilter@4e73d262, org.springframework.security.web.context.SecurityContextPersistenceFilter@6b4cdd53, org.springframework.security.web.header.HeaderWriterFilter@7ffcf06a, org.springframework.security.web.authentication.logout.LogoutFilter@1095640, org.springframework.security.oauth2.client.web.OAuth2AuthorizationRequestRedirectFilter@1bed4051, org.springframework.security.oauth2.client.web.OAuth2LoginAuthenticationFilter@31001d88, org.springframework.security.web.authentication.ui.DefaultLoginPageGeneratingFilter@ca2b4c2, org.springframework.security.web.authentication.ui.DefaultLogoutPageGeneratingFilter@11e9156c, org.springframework.security.web.savedrequest.RequestCacheAwareFilter@65734b2a, org.springframework.security.web.servletapi.SecurityContextHolderAwareRequestFilter@7d14984e, org.springframework.security.web.authentication.AnonymousAuthenticationFilter@607730c8, org.springframework.security.web.session.SessionManagementFilter@7c61b4ca, org.springframework.security.web.access.ExceptionTranslationFilter@2de47aba, org.springframework.security.web.access.intercept.FilterSecurityInterceptor@55b53cb]
2022-12-10 15:15:37.475  INFO 39088 --- [    Test worker] o.s.s.concurrent.ThreadPoolTaskExecutor  : Initializing ExecutorService 'applicationTaskExecutor'
2022-12-10 15:15:37.489  WARN 39088 --- [    Test worker] aWebConfiguration$JpaWebMvcConfiguration : spring.jpa.open-in-view is enabled by default. Therefore, database queries may be performed during view rendering. Explicitly configure spring.jpa.open-in-view to disable this warning
2022-12-10 15:15:37.520  INFO 39088 --- [    Test worker] o.s.b.a.w.s.WelcomePageHandlerMapping    : Adding welcome page template: index
2022-12-10 15:15:37.883  INFO 39088 --- [    Test worker] s.a.ScheduledAnnotationBeanPostProcessor : No TaskScheduler/ScheduledExecutorService bean found for scheduled processing
2022-12-10 15:15:37.912  INFO 39088 --- [    Test worker] o.s.b.w.embedded.tomcat.TomcatWebServer  : Tomcat started on port(s): 55380 (http) with context path ''
2022-12-10 15:15:37.913  INFO 39088 --- [    Test worker] c.s.springboot.web.IndexControllerTest   : Started IndexControllerTest in 2.86 seconds (JVM running for 18.923)
2022-12-10 15:15:38.035  INFO 39088 --- [o-auto-1-exec-1] o.a.c.c.C.[Tomcat].[localhost].[/]       : Initializing Spring DispatcherServlet 'dispatcherServlet'
2022-12-10 15:15:38.035  INFO 39088 --- [o-auto-1-exec-1] o.s.web.servlet.DispatcherServlet        : Initializing Servlet 'dispatcherServlet'
2022-12-10 15:15:38.058  INFO 39088 --- [o-auto-1-exec-1] o.s.web.servlet.DispatcherServlet        : Completed initialization in 23 ms
Hibernate: select posts0_.id as id1_0_, posts0_.created_date as created_2_0_, posts0_.modified_date as modified3_0_, posts0_.author as author4_0_, posts0_.content as content5_0_, posts0_.title as title6_0_ from posts posts0_ order by posts0_.id DESC
]]></system-out>
  <system-err><![CDATA[]]></system-err>
</testsuite>
