<?xml version="1.0" encoding="UTF-8"?>
<testsuite name="com.springAndAWSprac.springboot.web.ProfileControllerTest" tests="1" skipped="0" failures="0" errors="0" timestamp="2022-12-10T05:50:11" hostname="DESKTOP-AJ66391" time="0.016">
  <properties/>
  <testcase name="call_profile_without_authorization" classname="com.springAndAWSprac.springboot.web.ProfileControllerTest" time="0.016"/>
  <system-out><![CDATA[2022-12-10 14:50:11.024  INFO 20528 --- [    Test worker] .b.t.c.SpringBootTestContextBootstrapper : Neither @ContextConfiguration nor @ContextHierarchy found for test class [com.springAndAWSprac.springboot.web.ProfileControllerTest], using SpringBootContextLoader
2022-12-10 14:50:11.027  INFO 20528 --- [    Test worker] o.s.t.c.support.AbstractContextLoader    : Could not detect default resource locations for test class [com.springAndAWSprac.springboot.web.ProfileControllerTest]: no resource found for suffixes {-context.xml, Context.groovy}.
2022-12-10 14:50:11.027  INFO 20528 --- [    Test worker] t.c.s.AnnotationConfigContextLoaderUtils : Could not detect default configuration classes for test class [com.springAndAWSprac.springboot.web.ProfileControllerTest]: ProfileControllerTest does not declare any static, non-private, non-final, nested classes annotated with @Configuration.
2022-12-10 14:50:11.031  INFO 20528 --- [    Test worker] .b.t.c.SpringBootTestContextBootstrapper : Found @SpringBootConfiguration com.springAndAWSprac.springboot.Application for test class com.springAndAWSprac.springboot.web.ProfileControllerTest
2022-12-10 14:50:11.034  INFO 20528 --- [    Test worker] .b.t.c.SpringBootTestContextBootstrapper : Loaded default TestExecutionListener class names from location [META-INF/spring.factories]: [org.springframework.security.test.context.support.WithSecurityContextTestExecutionListener, org.springframework.security.test.context.support.ReactorContextTestExecutionListener, org.springframework.boot.test.autoconfigure.restdocs.RestDocsTestExecutionListener, org.springframework.boot.test.autoconfigure.web.client.MockRestServiceServerResetTestExecutionListener, org.springframework.boot.test.autoconfigure.web.servlet.MockMvcPrintOnlyOnFailureTestExecutionListener, org.springframework.boot.test.autoconfigure.web.servlet.WebDriverTestExecutionListener, org.springframework.boot.test.mock.mockito.MockitoTestExecutionListener, org.springframework.boot.test.mock.mockito.ResetMocksTestExecutionListener, org.springframework.test.context.web.ServletTestExecutionListener, org.springframework.test.context.support.DirtiesContextBeforeModesTestExecutionListener, org.springframework.test.context.support.DependencyInjectionTestExecutionListener, org.springframework.test.context.support.DirtiesContextTestExecutionListener, org.springframework.test.context.transaction.TransactionalTestExecutionListener, org.springframework.test.context.jdbc.SqlScriptsTestExecutionListener]
2022-12-10 14:50:11.035  INFO 20528 --- [    Test worker] .b.t.c.SpringBootTestContextBootstrapper : Using TestExecutionListeners: [org.springframework.test.context.web.ServletTestExecutionListener@6b5511db, org.springframework.test.context.support.DirtiesContextBeforeModesTestExecutionListener@5cca4b17, org.springframework.boot.test.mock.mockito.MockitoTestExecutionListener@1f0e1a0, org.springframework.boot.test.autoconfigure.SpringBootDependencyInjectionTestExecutionListener@3dd62a68, org.springframework.test.context.support.DirtiesContextTestExecutionListener@7e4e2fc0, org.springframework.test.context.transaction.TransactionalTestExecutionListener@70d251ed, org.springframework.test.context.jdbc.SqlScriptsTestExecutionListener@762953b6, org.springframework.security.test.context.support.WithSecurityContextTestExecutionListener@7aa0a271, org.springframework.security.test.context.support.ReactorContextTestExecutionListener@751fa2ca, org.springframework.boot.test.autoconfigure.restdocs.RestDocsTestExecutionListener@1720c8bd, org.springframework.boot.test.autoconfigure.web.client.MockRestServiceServerResetTestExecutionListener@2b289d0c, org.springframework.boot.test.autoconfigure.web.servlet.MockMvcPrintOnlyOnFailureTestExecutionListener@54641132, org.springframework.boot.test.autoconfigure.web.servlet.WebDriverTestExecutionListener@5ce5e086, org.springframework.boot.test.mock.mockito.ResetMocksTestExecutionListener@4d91be87]
]]></system-out>
  <system-err><![CDATA[]]></system-err>
</testsuite>
