<?xml version="1.0" encoding="UTF-8"?>
<testsuite name="com.springAndAWSprac.springboot.web.IndexControllerTest" tests="1" skipped="0" failures="0" errors="0" timestamp="2022-12-08T15:37:53" hostname="DESKTOP-AJ66391" time="0.315">
  <properties/>
  <testcase name="mainPageLoading" classname="com.springAndAWSprac.springboot.web.IndexControllerTest" time="0.315"/>
  <system-out><![CDATA[2022-12-09 00:37:50.580  INFO 15504 --- [    Test worker] .b.t.c.SpringBootTestContextBootstrapper : Neither @ContextConfiguration nor @ContextHierarchy found for test class [com.springAndAWSprac.springboot.web.IndexControllerTest], using SpringBootContextLoader
2022-12-09 00:37:50.581  INFO 15504 --- [    Test worker] o.s.t.c.support.AbstractContextLoader    : Could not detect default resource locations for test class [com.springAndAWSprac.springboot.web.IndexControllerTest]: no resource found for suffixes {-context.xml, Context.groovy}.
2022-12-09 00:37:50.581  INFO 15504 --- [    Test worker] t.c.s.AnnotationConfigContextLoaderUtils : Could not detect default configuration classes for test class [com.springAndAWSprac.springboot.web.IndexControllerTest]: IndexControllerTest does not declare any static, non-private, non-final, nested classes annotated with @Configuration.
2022-12-09 00:37:50.582  INFO 15504 --- [    Test worker] .b.t.c.SpringBootTestContextBootstrapper : Found @SpringBootConfiguration com.springAndAWSprac.springboot.Application for test class com.springAndAWSprac.springboot.web.IndexControllerTest
2022-12-09 00:37:50.584  INFO 15504 --- [    Test worker] .b.t.c.SpringBootTestContextBootstrapper : Loaded default TestExecutionListener class names from location [META-INF/spring.factories]: [org.springframework.security.test.context.support.WithSecurityContextTestExecutionListener, org.springframework.security.test.context.support.ReactorContextTestExecutionListener, org.springframework.boot.test.autoconfigure.restdocs.RestDocsTestExecutionListener, org.springframework.boot.test.autoconfigure.web.client.MockRestServiceServerResetTestExecutionListener, org.springframework.boot.test.autoconfigure.web.servlet.MockMvcPrintOnlyOnFailureTestExecutionListener, org.springframework.boot.test.autoconfigure.web.servlet.WebDriverTestExecutionListener, org.springframework.boot.test.mock.mockito.MockitoTestExecutionListener, org.springframework.boot.test.mock.mockito.ResetMocksTestExecutionListener, org.springframework.test.context.web.ServletTestExecutionListener, org.springframework.test.context.support.DirtiesContextBeforeModesTestExecutionListener, org.springframework.test.context.support.DependencyInjectionTestExecutionListener, org.springframework.test.context.support.DirtiesContextTestExecutionListener, org.springframework.test.context.transaction.TransactionalTestExecutionListener, org.springframework.test.context.jdbc.SqlScriptsTestExecutionListener]
2022-12-09 00:37:50.586  INFO 15504 --- [    Test worker] .b.t.c.SpringBootTestContextBootstrapper : Using TestExecutionListeners: [org.springframework.test.context.web.ServletTestExecutionListener@413166c9, org.springframework.test.context.support.DirtiesContextBeforeModesTestExecutionListener@77e5441a, org.springframework.boot.test.mock.mockito.MockitoTestExecutionListener@40c42e27, org.springframework.boot.test.autoconfigure.SpringBootDependencyInjectionTestExecutionListener@56892028, org.springframework.test.context.support.DirtiesContextTestExecutionListener@1cc4031e, org.springframework.test.context.transaction.TransactionalTestExecutionListener@41dc5108, org.springframework.test.context.jdbc.SqlScriptsTestExecutionListener@2008ea02, org.springframework.security.test.context.support.WithSecurityContextTestExecutionListener@3f9f164b, org.springframework.security.test.context.support.ReactorContextTestExecutionListener@37f2e55, org.springframework.boot.test.autoconfigure.restdocs.RestDocsTestExecutionListener@20087b23, org.springframework.boot.test.autoconfigure.web.client.MockRestServiceServerResetTestExecutionListener@47b7cdda, org.springframework.boot.test.autoconfigure.web.servlet.MockMvcPrintOnlyOnFailureTestExecutionListener@dda629, org.springframework.boot.test.autoconfigure.web.servlet.WebDriverTestExecutionListener@7aaa2de1, org.springframework.boot.test.mock.mockito.ResetMocksTestExecutionListener@199890f4]

  .   ____          _            __ _ _
 /\\ / ___'_ __ _ _(_)_ __  __ _ \ \ \ \
( ( )\___ | '_ | '_| | '_ \/ _` | \ \ \ \
 \\/  ___)| |_)| | | | | || (_| |  ) ) ) )
  '  |____| .__|_| |_|_| |_\__, | / / / /
 =========|_|==============|___/=/_/_/_/
 :: Spring Boot ::        (v2.1.7.RELEASE)

2022-12-09 00:37:50.627  INFO 15504 --- [    Test worker] c.s.springboot.web.IndexControllerTest   : Starting IndexControllerTest on DESKTOP-AJ66391 with PID 15504 (started by seho2 in C:\Users\seho2\Desktop\싸피\프로젝트\개인프로젝트\springbootandAWSprac)
2022-12-09 00:37:50.628  INFO 15504 --- [    Test worker] c.s.springboot.web.IndexControllerTest   : No active profile set, falling back to default profiles: default
2022-12-09 00:37:50.915  INFO 15504 --- [    Test worker] .s.d.r.c.RepositoryConfigurationDelegate : Bootstrapping Spring Data repositories in DEFAULT mode.
2022-12-09 00:37:50.945  INFO 15504 --- [    Test worker] .s.d.r.c.RepositoryConfigurationDelegate : Finished Spring Data repository scanning in 30ms. Found 2 repository interfaces.
2022-12-09 00:37:51.077  INFO 15504 --- [    Test worker] trationDelegate$BeanPostProcessorChecker : Bean 'org.springframework.transaction.annotation.ProxyTransactionManagementConfiguration' of type [org.springframework.transaction.annotation.ProxyTransactionManagementConfiguration$$EnhancerBySpringCGLIB$$1ac29b82] is not eligible for getting processed by all BeanPostProcessors (for example: not eligible for auto-proxying)
2022-12-09 00:37:51.449  INFO 15504 --- [    Test worker] o.s.b.w.embedded.tomcat.TomcatWebServer  : Tomcat initialized with port(s): 0 (http)
2022-12-09 00:37:51.490  INFO 15504 --- [    Test worker] o.apache.catalina.core.StandardService   : Starting service [Tomcat]
2022-12-09 00:37:51.491  INFO 15504 --- [    Test worker] org.apache.catalina.core.StandardEngine  : Starting Servlet engine: [Apache Tomcat/9.0.22]
2022-12-09 00:37:51.718  INFO 15504 --- [    Test worker] o.a.c.c.C.[Tomcat].[localhost].[/]       : Initializing Spring embedded WebApplicationContext
2022-12-09 00:37:51.718  INFO 15504 --- [    Test worker] o.s.web.context.ContextLoader            : Root WebApplicationContext: initialization completed in 1087 ms
2022-12-09 00:37:51.957  INFO 15504 --- [    Test worker] com.zaxxer.hikari.HikariDataSource       : HikariPool-2 - Starting...
2022-12-09 00:37:51.959  INFO 15504 --- [    Test worker] com.zaxxer.hikari.HikariDataSource       : HikariPool-2 - Start completed.
2022-12-09 00:37:52.009  INFO 15504 --- [    Test worker] o.hibernate.jpa.internal.util.LogHelper  : HHH000204: Processing PersistenceUnitInfo [
	name: default
	...]
2022-12-09 00:37:52.023  INFO 15504 --- [    Test worker] org.hibernate.dialect.Dialect            : HHH000400: Using dialect: org.hibernate.dialect.MySQL5InnoDBDialect
Hibernate: drop table if exists posts
Hibernate: drop table if exists user
Hibernate: create table posts (id bigint not null auto_increment, created_date datetime, modified_date datetime, author varchar(255), content TEXT not null, title varchar(500) not null, primary key (id)) engine=InnoDB
Hibernate: create table user (id bigint not null auto_increment, created_date datetime, modified_date datetime, email varchar(255) not null, name varchar(255) not null, picture varchar(255), role varchar(255) not null, primary key (id)) engine=InnoDB
2022-12-09 00:37:52.096  INFO 15504 --- [    Test worker] o.h.t.schema.internal.SchemaCreatorImpl  : HHH000476: Executing import script 'org.hibernate.tool.schema.internal.exec.ScriptSourceInputNonExistentImpl@b0777b3'
2022-12-09 00:37:52.097  INFO 15504 --- [    Test worker] j.LocalContainerEntityManagerFactoryBean : Initialized JPA EntityManagerFactory for persistence unit 'default'
2022-12-09 00:37:52.633  INFO 15504 --- [    Test worker] o.h.h.i.QueryTranslatorFactoryInitiator  : HHH000397: Using ASTQueryTranslatorFactory
2022-12-09 00:37:52.817  INFO 15504 --- [    Test worker] o.s.s.web.DefaultSecurityFilterChain     : Creating filter chain: any request, [org.springframework.security.web.context.request.async.WebAsyncManagerIntegrationFilter@47ef294a, org.springframework.security.web.context.SecurityContextPersistenceFilter@3648f87b, org.springframework.security.web.header.HeaderWriterFilter@7b1f11c, org.springframework.security.web.authentication.logout.LogoutFilter@1db9f150, org.springframework.security.oauth2.client.web.OAuth2AuthorizationRequestRedirectFilter@1877f1cd, org.springframework.security.oauth2.client.web.OAuth2LoginAuthenticationFilter@521aa3e6, org.springframework.security.web.authentication.ui.DefaultLoginPageGeneratingFilter@6c435783, org.springframework.security.web.authentication.ui.DefaultLogoutPageGeneratingFilter@4523e4ad, org.springframework.security.web.savedrequest.RequestCacheAwareFilter@3a5dc73c, org.springframework.security.web.servletapi.SecurityContextHolderAwareRequestFilter@32ecf87a, org.springframework.security.web.authentication.AnonymousAuthenticationFilter@627d8c5d, org.springframework.security.web.session.SessionManagementFilter@6b36b8fc, org.springframework.security.web.access.ExceptionTranslationFilter@4a18d02e, org.springframework.security.web.access.intercept.FilterSecurityInterceptor@16d29381]
2022-12-09 00:37:53.062  INFO 15504 --- [    Test worker] o.s.s.concurrent.ThreadPoolTaskExecutor  : Initializing ExecutorService 'applicationTaskExecutor'
2022-12-09 00:37:53.078  WARN 15504 --- [    Test worker] aWebConfiguration$JpaWebMvcConfiguration : spring.jpa.open-in-view is enabled by default. Therefore, database queries may be performed during view rendering. Explicitly configure spring.jpa.open-in-view to disable this warning
2022-12-09 00:37:53.113  INFO 15504 --- [    Test worker] o.s.b.a.w.s.WelcomePageHandlerMapping    : Adding welcome page template: index
2022-12-09 00:37:53.726  INFO 15504 --- [    Test worker] s.a.ScheduledAnnotationBeanPostProcessor : No TaskScheduler/ScheduledExecutorService bean found for scheduled processing
2022-12-09 00:37:53.767  INFO 15504 --- [    Test worker] o.s.b.w.embedded.tomcat.TomcatWebServer  : Tomcat started on port(s): 52919 (http) with context path ''
2022-12-09 00:37:53.768  INFO 15504 --- [    Test worker] c.s.springboot.web.IndexControllerTest   : Started IndexControllerTest in 3.18 seconds (JVM running for 19.68)
2022-12-09 00:37:53.947  INFO 15504 --- [o-auto-1-exec-1] o.a.c.c.C.[Tomcat].[localhost].[/]       : Initializing Spring DispatcherServlet 'dispatcherServlet'
2022-12-09 00:37:53.948  INFO 15504 --- [o-auto-1-exec-1] o.s.web.servlet.DispatcherServlet        : Initializing Servlet 'dispatcherServlet'
2022-12-09 00:37:53.985  INFO 15504 --- [o-auto-1-exec-1] o.s.web.servlet.DispatcherServlet        : Completed initialization in 37 ms
Hibernate: select posts0_.id as id1_0_, posts0_.created_date as created_2_0_, posts0_.modified_date as modified3_0_, posts0_.author as author4_0_, posts0_.content as content5_0_, posts0_.title as title6_0_ from posts posts0_ order by posts0_.id DESC
]]></system-out>
  <system-err><![CDATA[]]></system-err>
</testsuite>
