<?xml version="1.0" encoding="UTF-8"?>
<testsuite name="com.springAndAWSprac.springboot.web.PostsApiControllerTest" tests="2" skipped="0" failures="0" errors="0" timestamp="2022-12-10T06:15:38" hostname="DESKTOP-AJ66391" time="0.139">
  <properties/>
  <testcase name="Posts_등록된다" classname="com.springAndAWSprac.springboot.web.PostsApiControllerTest" time="0.097"/>
  <testcase name="Posts_수정된다" classname="com.springAndAWSprac.springboot.web.PostsApiControllerTest" time="0.041"/>
  <system-out><![CDATA[2022-12-10 15:15:38.157  INFO 39088 --- [    Test worker] .b.t.c.SpringBootTestContextBootstrapper : Neither @ContextConfiguration nor @ContextHierarchy found for test class [com.springAndAWSprac.springboot.web.PostsApiControllerTest], using SpringBootContextLoader
2022-12-10 15:15:38.158  INFO 39088 --- [    Test worker] o.s.t.c.support.AbstractContextLoader    : Could not detect default resource locations for test class [com.springAndAWSprac.springboot.web.PostsApiControllerTest]: no resource found for suffixes {-context.xml, Context.groovy}.
2022-12-10 15:15:38.158  INFO 39088 --- [    Test worker] t.c.s.AnnotationConfigContextLoaderUtils : Could not detect default configuration classes for test class [com.springAndAWSprac.springboot.web.PostsApiControllerTest]: PostsApiControllerTest does not declare any static, non-private, non-final, nested classes annotated with @Configuration.
2022-12-10 15:15:38.161  INFO 39088 --- [    Test worker] .b.t.c.SpringBootTestContextBootstrapper : Found @SpringBootConfiguration com.springAndAWSprac.springboot.Application for test class com.springAndAWSprac.springboot.web.PostsApiControllerTest
2022-12-10 15:15:38.163  INFO 39088 --- [    Test worker] .b.t.c.SpringBootTestContextBootstrapper : Loaded default TestExecutionListener class names from location [META-INF/spring.factories]: [org.springframework.security.test.context.support.WithSecurityContextTestExecutionListener, org.springframework.security.test.context.support.ReactorContextTestExecutionListener, org.springframework.boot.test.autoconfigure.restdocs.RestDocsTestExecutionListener, org.springframework.boot.test.autoconfigure.web.client.MockRestServiceServerResetTestExecutionListener, org.springframework.boot.test.autoconfigure.web.servlet.MockMvcPrintOnlyOnFailureTestExecutionListener, org.springframework.boot.test.autoconfigure.web.servlet.WebDriverTestExecutionListener, org.springframework.boot.test.mock.mockito.MockitoTestExecutionListener, org.springframework.boot.test.mock.mockito.ResetMocksTestExecutionListener, org.springframework.test.context.web.ServletTestExecutionListener, org.springframework.test.context.support.DirtiesContextBeforeModesTestExecutionListener, org.springframework.test.context.support.DependencyInjectionTestExecutionListener, org.springframework.test.context.support.DirtiesContextTestExecutionListener, org.springframework.test.context.transaction.TransactionalTestExecutionListener, org.springframework.test.context.jdbc.SqlScriptsTestExecutionListener]
2022-12-10 15:15:38.164  INFO 39088 --- [    Test worker] .b.t.c.SpringBootTestContextBootstrapper : Using TestExecutionListeners: [org.springframework.test.context.web.ServletTestExecutionListener@52cbdddd, org.springframework.test.context.support.DirtiesContextBeforeModesTestExecutionListener@5fa716b0, org.springframework.boot.test.mock.mockito.MockitoTestExecutionListener@12c4155b, org.springframework.boot.test.autoconfigure.SpringBootDependencyInjectionTestExecutionListener@57cba2c6, org.springframework.test.context.support.DirtiesContextTestExecutionListener@5be2b8d7, org.springframework.test.context.transaction.TransactionalTestExecutionListener@3c17378d, org.springframework.test.context.jdbc.SqlScriptsTestExecutionListener@ecb8399, org.springframework.security.test.context.support.WithSecurityContextTestExecutionListener@41ccd14, org.springframework.security.test.context.support.ReactorContextTestExecutionListener@4a76e940, org.springframework.boot.test.autoconfigure.restdocs.RestDocsTestExecutionListener@4fd814dc, org.springframework.boot.test.autoconfigure.web.client.MockRestServiceServerResetTestExecutionListener@1d5d81f5, org.springframework.boot.test.autoconfigure.web.servlet.MockMvcPrintOnlyOnFailureTestExecutionListener@7fcb9b27, org.springframework.boot.test.autoconfigure.web.servlet.WebDriverTestExecutionListener@20a5177, org.springframework.boot.test.mock.mockito.ResetMocksTestExecutionListener@dfbdb1e]
2022-12-10 15:15:38.180  INFO 39088 --- [    Test worker] o.a.c.c.C.[Tomcat].[localhost].[/]       : Initializing Spring TestDispatcherServlet ''
2022-12-10 15:15:38.180  INFO 39088 --- [    Test worker] o.s.t.web.servlet.TestDispatcherServlet  : Initializing Servlet ''
2022-12-10 15:15:38.183  INFO 39088 --- [    Test worker] o.s.t.web.servlet.TestDispatcherServlet  : Completed initialization in 3 ms
Hibernate: insert into posts (created_date, modified_date, author, content, title) values (?, ?, ?, ?, ?)
Hibernate: select posts0_.id as id1_0_, posts0_.created_date as created_2_0_, posts0_.modified_date as modified3_0_, posts0_.author as author4_0_, posts0_.content as content5_0_, posts0_.title as title6_0_ from posts posts0_
Hibernate: select posts0_.id as id1_0_, posts0_.created_date as created_2_0_, posts0_.modified_date as modified3_0_, posts0_.author as author4_0_, posts0_.content as content5_0_, posts0_.title as title6_0_ from posts posts0_
Hibernate: delete from posts where id=?
2022-12-10 15:15:38.270  INFO 39088 --- [    Test worker] o.a.c.c.C.[Tomcat].[localhost].[/]       : Initializing Spring TestDispatcherServlet ''
2022-12-10 15:15:38.270  INFO 39088 --- [    Test worker] o.s.t.web.servlet.TestDispatcherServlet  : Initializing Servlet ''
2022-12-10 15:15:38.273  INFO 39088 --- [    Test worker] o.s.t.web.servlet.TestDispatcherServlet  : Completed initialization in 3 ms
Hibernate: insert into posts (created_date, modified_date, author, content, title) values (?, ?, ?, ?, ?)
Hibernate: select posts0_.id as id1_0_0_, posts0_.created_date as created_2_0_0_, posts0_.modified_date as modified3_0_0_, posts0_.author as author4_0_0_, posts0_.content as content5_0_0_, posts0_.title as title6_0_0_ from posts posts0_ where posts0_.id=?
Hibernate: update posts set created_date=?, modified_date=?, author=?, content=?, title=? where id=?
Hibernate: select posts0_.id as id1_0_, posts0_.created_date as created_2_0_, posts0_.modified_date as modified3_0_, posts0_.author as author4_0_, posts0_.content as content5_0_, posts0_.title as title6_0_ from posts posts0_
Hibernate: select posts0_.id as id1_0_, posts0_.created_date as created_2_0_, posts0_.modified_date as modified3_0_, posts0_.author as author4_0_, posts0_.content as content5_0_, posts0_.title as title6_0_ from posts posts0_
Hibernate: delete from posts where id=?
]]></system-out>
  <system-err><![CDATA[]]></system-err>
</testsuite>
